
> web-frontend@0.1.0 dev
> next dev -p 3001

 ⚠ Warning: Next.js inferred your workspace root, but it may not be correct.
 We detected multiple lockfiles and selected the directory of /Users/kutubuddin/Downloads/Zenith/package-lock.json as the root directory.
 To silence this warning, set `outputFileTracingRoot` in your Next.js config, or consider removing one of the lockfiles if it's not needed.
   See https://nextjs.org/docs/app/api-reference/config/next-config-js/output#caveats for more information.
 Detected additional lockfiles: 
   * /Users/kutubuddin/Downloads/Zenith/frontend/package-lock.json

   ▲ Next.js 15.5.7
   - Local:        http://localhost:3001
   - Network:      http://127.0.2.2:3001
   - Environments: .env.local, .env
   - Experiments (use with caution):
     ✓ optimizeCss
     · optimizePackageImports

 ✓ Starting...
 ✓ Compiled /instrumentation in 200ms (20 modules)
(node:22241) Warning: `--localstorage-file` was provided without a valid path
(Use `node --trace-warnings ...` to show where the warning was created)
 ✓ Ready in 1600ms
 ○ Compiling /auth/register ...
 ✓ Compiled /auth/register in 4.4s (2096 modules)
React does not recognize the `showPasswordToggle` prop on a DOM element. If you intentionally want it to appear in the DOM as a custom attribute, spell it as lowercase `showpasswordtoggle` instead. If you accidentally passed it from a parent component, remove it from the DOM element.
 GET /auth/register 200 in 4849ms
 ○ Compiling /_not-found ...
 ✓ Compiled /_not-found in 710ms (2092 modules)
 GET /grid.svg 404 in 910ms
 ✓ Compiled /favicon.ico in 484ms (1182 modules)
 GET /favicon.ico 200 in 620ms
 ○ Compiling /projects ...
 ✓ Compiled /projects in 1927ms (2550 modules)
 GET /projects 200 in 2115ms
 ✓ Compiled /auth/login in 363ms (2561 modules)
 GET /auth/login 200 in 455ms
 GET /auth/login 200 in 27ms
 GET /auth/register 200 in 538ms
 GET /grid.svg 404 in 300ms
 GET /projects 200 in 179ms
 GET /auth/login 200 in 55ms
 GET /auth/login 200 in 53ms
 GET /projects 200 in 160ms
 GET /auth/login 200 in 53ms
 GET /auth/login 200 in 41ms
 GET /projects 200 in 410ms
 GET /auth/login 200 in 152ms
 GET /grid.svg 404 in 132ms
 GET /auth/register 200 in 432ms
 GET /grid.svg 404 in 143ms
 GET /projects 200 in 106ms
 GET /auth/login 200 in 164ms
 GET /auth/login 200 in 257ms
 GET /projects 200 in 205ms
 GET /auth/login 200 in 208ms
 GET /auth/login 200 in 104ms
